mode: set
github.com/FrankS17/wallet/pkg/wallet/service.go:16.36,18.2 1 1
github.com/FrankS17/wallet/pkg/wallet/service.go:56.77,57.37 1 1
github.com/FrankS17/wallet/pkg/wallet/service.go:62.2,70.21 4 1
github.com/FrankS17/wallet/pkg/wallet/service.go:57.37,58.28 1 0
github.com/FrankS17/wallet/pkg/wallet/service.go:58.28,60.3 1 0
github.com/FrankS17/wallet/pkg/wallet/service.go:74.74,75.16 1 1
github.com/FrankS17/wallet/pkg/wallet/service.go:79.2,80.33 2 1
github.com/FrankS17/wallet/pkg/wallet/service.go:87.2,87.20 1 1
github.com/FrankS17/wallet/pkg/wallet/service.go:92.2,93.12 2 1
github.com/FrankS17/wallet/pkg/wallet/service.go:75.16,77.3 1 0
github.com/FrankS17/wallet/pkg/wallet/service.go:80.33,81.26 1 1
github.com/FrankS17/wallet/pkg/wallet/service.go:81.26,83.9 2 1
github.com/FrankS17/wallet/pkg/wallet/service.go:87.20,89.3 1 0
github.com/FrankS17/wallet/pkg/wallet/service.go:96.79,100.36 2 1
github.com/FrankS17/wallet/pkg/wallet/service.go:106.2,106.21 1 1
github.com/FrankS17/wallet/pkg/wallet/service.go:100.36,101.30 1 1
github.com/FrankS17/wallet/pkg/wallet/service.go:101.30,103.4 1 0
github.com/FrankS17/wallet/pkg/wallet/service.go:110.119,111.17 1 1
github.com/FrankS17/wallet/pkg/wallet/service.go:115.2,116.33 2 1
github.com/FrankS17/wallet/pkg/wallet/service.go:120.2,120.20 1 1
github.com/FrankS17/wallet/pkg/wallet/service.go:123.2,123.30 1 1
github.com/FrankS17/wallet/pkg/wallet/service.go:127.2,137.21 5 1
github.com/FrankS17/wallet/pkg/wallet/service.go:111.17,113.3 1 0
github.com/FrankS17/wallet/pkg/wallet/service.go:116.33,118.8 2 1
github.com/FrankS17/wallet/pkg/wallet/service.go:120.20,122.3 1 0
github.com/FrankS17/wallet/pkg/wallet/service.go:123.30,125.3 1 0
github.com/FrankS17/wallet/pkg/wallet/service.go:141.81,144.36 2 1
github.com/FrankS17/wallet/pkg/wallet/service.go:149.2,149.21 1 1
github.com/FrankS17/wallet/pkg/wallet/service.go:144.36,145.30 1 1
github.com/FrankS17/wallet/pkg/wallet/service.go:145.30,147.4 1 1
github.com/FrankS17/wallet/pkg/wallet/service.go:152.54,155.16 2 1
github.com/FrankS17/wallet/pkg/wallet/service.go:159.2,160.16 2 1
github.com/FrankS17/wallet/pkg/wallet/service.go:164.2,167.12 3 1
github.com/FrankS17/wallet/pkg/wallet/service.go:155.16,157.3 1 0
github.com/FrankS17/wallet/pkg/wallet/service.go:160.16,162.3 1 0
github.com/FrankS17/wallet/pkg/wallet/service.go:172.94,175.16 2 1
github.com/FrankS17/wallet/pkg/wallet/service.go:180.2,181.16 2 1
github.com/FrankS17/wallet/pkg/wallet/service.go:187.2,189.40 2 1
github.com/FrankS17/wallet/pkg/wallet/service.go:193.2,193.16 1 1
github.com/FrankS17/wallet/pkg/wallet/service.go:197.2,197.31 1 1
github.com/FrankS17/wallet/pkg/wallet/service.go:175.16,177.3 1 0
github.com/FrankS17/wallet/pkg/wallet/service.go:181.16,183.3 1 0
github.com/FrankS17/wallet/pkg/wallet/service.go:189.40,192.3 1 1
github.com/FrankS17/wallet/pkg/wallet/service.go:193.16,195.3 1 0
github.com/FrankS17/wallet/pkg/wallet/service.go:201.72,204.16 2 1
github.com/FrankS17/wallet/pkg/wallet/service.go:208.2,208.25 1 1
github.com/FrankS17/wallet/pkg/wallet/service.go:212.2,213.33 2 1
github.com/FrankS17/wallet/pkg/wallet/service.go:217.2,217.20 1 1
github.com/FrankS17/wallet/pkg/wallet/service.go:220.2,220.38 1 1
github.com/FrankS17/wallet/pkg/wallet/service.go:224.2,228.21 4 1
github.com/FrankS17/wallet/pkg/wallet/service.go:204.16,206.3 1 0
github.com/FrankS17/wallet/pkg/wallet/service.go:208.25,210.3 1 0
github.com/FrankS17/wallet/pkg/wallet/service.go:213.33,215.8 2 1
github.com/FrankS17/wallet/pkg/wallet/service.go:217.20,219.3 1 0
github.com/FrankS17/wallet/pkg/wallet/service.go:220.38,222.3 1 0
