mode: set
github.com/FrankS17/wallet/pkg/wallet/service.go:11.29,13.2 1 0
github.com/FrankS17/wallet/pkg/wallet/service.go:19.38,21.2 1 0
github.com/FrankS17/wallet/pkg/wallet/service.go:38.77,39.37 1 1
github.com/FrankS17/wallet/pkg/wallet/service.go:44.2,52.21 4 1
github.com/FrankS17/wallet/pkg/wallet/service.go:39.37,40.28 1 0
github.com/FrankS17/wallet/pkg/wallet/service.go:40.28,42.3 1 0
github.com/FrankS17/wallet/pkg/wallet/service.go:56.70,57.16 1 1
github.com/FrankS17/wallet/pkg/wallet/service.go:61.2,62.33 2 1
github.com/FrankS17/wallet/pkg/wallet/service.go:69.2,69.20 1 1
github.com/FrankS17/wallet/pkg/wallet/service.go:74.2,75.12 2 1
github.com/FrankS17/wallet/pkg/wallet/service.go:57.16,59.3 1 0
github.com/FrankS17/wallet/pkg/wallet/service.go:62.33,63.26 1 1
github.com/FrankS17/wallet/pkg/wallet/service.go:63.26,65.9 2 1
github.com/FrankS17/wallet/pkg/wallet/service.go:69.20,71.3 1 0
github.com/FrankS17/wallet/pkg/wallet/service.go:78.75,82.36 2 1
github.com/FrankS17/wallet/pkg/wallet/service.go:88.2,88.21 1 1
github.com/FrankS17/wallet/pkg/wallet/service.go:82.36,83.30 1 1
github.com/FrankS17/wallet/pkg/wallet/service.go:83.30,85.4 1 0
github.com/FrankS17/wallet/pkg/wallet/service.go:92.115,93.17 1 1
github.com/FrankS17/wallet/pkg/wallet/service.go:97.2,98.33 2 1
github.com/FrankS17/wallet/pkg/wallet/service.go:102.2,102.20 1 1
github.com/FrankS17/wallet/pkg/wallet/service.go:105.2,105.30 1 1
github.com/FrankS17/wallet/pkg/wallet/service.go:109.2,119.21 5 1
github.com/FrankS17/wallet/pkg/wallet/service.go:93.17,95.3 1 0
github.com/FrankS17/wallet/pkg/wallet/service.go:98.33,100.8 2 1
github.com/FrankS17/wallet/pkg/wallet/service.go:102.20,104.3 1 0
github.com/FrankS17/wallet/pkg/wallet/service.go:105.30,107.3 1 0
github.com/FrankS17/wallet/pkg/wallet/service.go:123.77,125.37 1 1
github.com/FrankS17/wallet/pkg/wallet/service.go:130.2,130.32 1 1
github.com/FrankS17/wallet/pkg/wallet/service.go:125.37,126.30 1 1
github.com/FrankS17/wallet/pkg/wallet/service.go:126.30,128.4 1 1
github.com/FrankS17/wallet/pkg/wallet/service.go:134.50,137.16 2 1
github.com/FrankS17/wallet/pkg/wallet/service.go:141.2,142.16 2 1
github.com/FrankS17/wallet/pkg/wallet/service.go:146.2,149.12 3 1
github.com/FrankS17/wallet/pkg/wallet/service.go:137.16,139.3 1 0
github.com/FrankS17/wallet/pkg/wallet/service.go:142.16,144.3 1 0
github.com/FrankS17/wallet/pkg/wallet/service.go:152.68,155.16 2 1
github.com/FrankS17/wallet/pkg/wallet/service.go:159.2,160.16 2 1
github.com/FrankS17/wallet/pkg/wallet/service.go:164.2,164.38 1 1
github.com/FrankS17/wallet/pkg/wallet/service.go:167.2,177.18 5 1
github.com/FrankS17/wallet/pkg/wallet/service.go:155.16,157.3 1 0
github.com/FrankS17/wallet/pkg/wallet/service.go:160.16,162.3 1 0
github.com/FrankS17/wallet/pkg/wallet/service.go:164.38,166.3 1 0
github.com/FrankS17/wallet/pkg/wallet/service.go:180.84,182.16 2 1
github.com/FrankS17/wallet/pkg/wallet/service.go:186.2,195.29 3 1
github.com/FrankS17/wallet/pkg/wallet/service.go:182.16,184.3 1 0
github.com/FrankS17/wallet/pkg/wallet/service.go:198.80,200.39 1 1
github.com/FrankS17/wallet/pkg/wallet/service.go:205.2,205.33 1 1
github.com/FrankS17/wallet/pkg/wallet/service.go:200.39,201.32 1 1
github.com/FrankS17/wallet/pkg/wallet/service.go:201.32,203.4 1 1
github.com/FrankS17/wallet/pkg/wallet/service.go:208.78,211.16 2 0
github.com/FrankS17/wallet/pkg/wallet/service.go:215.2,216.16 2 0
github.com/FrankS17/wallet/pkg/wallet/service.go:220.2,234.21 4 0
github.com/FrankS17/wallet/pkg/wallet/service.go:211.16,213.3 1 0
github.com/FrankS17/wallet/pkg/wallet/service.go:216.16,218.3 1 0
